2024-05-14 13:56:14 [main] INFO  c.m.demo.config.server.ConfigServer - Starting ConfigServer using Java 11.0.23 on Allisons-MacBook-Pro.local with PID 21062 (/Users/alimhtsai/Documents/ucimswe/6_side_project/Event_driven_microservices/config-server/target/classes started by alimhtsai in /Users/alimhtsai/Documents/ucimswe/6_side_project/Event_driven_microservices)
2024-05-14 13:56:14 [background-preinit] INFO  o.h.validator.internal.util.Version - HV000001: Hibernate Validator 6.2.0.Final
2024-05-14 13:56:14 [main] INFO  c.m.demo.config.server.ConfigServer - No active profile set, falling back to default profiles: default
2024-05-14 13:56:15 [main] INFO  o.s.cloud.context.scope.GenericScope - BeanFactory id=0853254a-44d9-39c5-9d8b-e25935adb252
2024-05-14 13:56:15 [main] INFO  o.s.b.w.e.tomcat.TomcatWebServer - Tomcat initialized with port(s): 8888 (http)
2024-05-14 13:56:15 [main] INFO  o.a.coyote.http11.Http11NioProtocol - Initializing ProtocolHandler ["http-nio-8888"]
2024-05-14 13:56:15 [main] INFO  o.a.catalina.core.StandardService - Starting service [Tomcat]
2024-05-14 13:56:15 [main] INFO  o.a.catalina.core.StandardEngine - Starting Servlet engine: [Apache Tomcat/9.0.56]
2024-05-14 13:56:15 [main] INFO  o.a.c.c.C.[Tomcat].[localhost].[/] - Initializing Spring embedded WebApplicationContext
2024-05-14 13:56:15 [main] INFO  o.s.b.w.s.c.ServletWebServerApplicationContext - Root WebApplicationContext: initialization completed in 552 ms
2024-05-14 13:56:15 [main] INFO  o.a.coyote.http11.Http11NioProtocol - Starting ProtocolHandler ["http-nio-8888"]
2024-05-14 13:56:15 [main] INFO  o.s.b.w.e.tomcat.TomcatWebServer - Tomcat started on port(s): 8888 (http) with context path ''
2024-05-14 13:56:15 [main] INFO  c.m.demo.config.server.ConfigServer - Started ConfigServer in 1.105 seconds (JVM running for 1.758)
2024-05-14 13:56:37 [http-nio-8888-exec-1] INFO  o.a.c.c.C.[Tomcat].[localhost].[/] - Initializing Spring DispatcherServlet 'dispatcherServlet'
2024-05-14 13:56:37 [http-nio-8888-exec-1] INFO  o.s.web.servlet.DispatcherServlet - Initializing Servlet 'dispatcherServlet'
2024-05-14 13:56:37 [http-nio-8888-exec-1] INFO  o.s.web.servlet.DispatcherServlet - Completed initialization in 10 ms
2024-05-14 13:56:37 [http-nio-8888-exec-1] WARN  o.s.c.c.s.e.HttpClientConfigurableHttpConnectionFactory - No custom http config found for URL: https://github.com/alimhtsai/spring-cloud-config-server-repository.git/info/refs?service=git-upload-pack
2024-05-14 13:56:38 [http-nio-8888-exec-1] WARN  o.s.c.c.s.e.HttpClientConfigurableHttpConnectionFactory - No custom http config found for URL: https://github.com/alimhtsai/spring-cloud-config-server-repository.git/git-upload-pack
2024-05-14 13:56:38 [http-nio-8888-exec-1] INFO  o.s.c.c.s.e.NativeEnvironmentRepository - Adding property source: Config resource 'file [/Users/alimhtsai/Documents/ucimswe/6_side_project/Event_driven_microservices/config-server-repository/config-client-twitter_to_kafka.yml]' via location 'file:/Users/alimhtsai/Documents/ucimswe/6_side_project/Event_driven_microservices/config-server-repository/'
2024-05-14 13:56:38 [http-nio-8888-exec-1] INFO  o.s.c.c.s.e.NativeEnvironmentRepository - Adding property source: Config resource 'file [/Users/alimhtsai/Documents/ucimswe/6_side_project/Event_driven_microservices/config-server-repository/config-client.yml]' via location 'file:/Users/alimhtsai/Documents/ucimswe/6_side_project/Event_driven_microservices/config-server-repository/'
2024-05-14 14:02:07 [http-nio-8888-exec-3] WARN  o.s.c.c.s.e.HttpClientConfigurableHttpConnectionFactory - No custom http config found for URL: https://github.com/alimhtsai/spring-cloud-config-server-repository.git/info/refs?service=git-upload-pack
2024-05-14 14:02:07 [http-nio-8888-exec-3] WARN  o.s.c.c.s.e.MultipleJGitEnvironmentRepository - Could not fetch remote for main remote: https://github.com/alimhtsai/spring-cloud-config-server-repository.git
2024-05-14 14:02:07 [http-nio-8888-exec-3] INFO  o.s.c.c.s.e.NativeEnvironmentRepository - Adding property source: Config resource 'file [/Users/alimhtsai/Documents/ucimswe/6_side_project/Event_driven_microservices/config-server-repository/config-client-twitter_to_kafka.yml]' via location 'file:/Users/alimhtsai/Documents/ucimswe/6_side_project/Event_driven_microservices/config-server-repository/'
2024-05-14 14:02:07 [http-nio-8888-exec-3] INFO  o.s.c.c.s.e.NativeEnvironmentRepository - Adding property source: Config resource 'file [/Users/alimhtsai/Documents/ucimswe/6_side_project/Event_driven_microservices/config-server-repository/config-client.yml]' via location 'file:/Users/alimhtsai/Documents/ucimswe/6_side_project/Event_driven_microservices/config-server-repository/'
2024-05-14 14:02:53 [http-nio-8888-exec-7] WARN  o.s.c.c.s.e.HttpClientConfigurableHttpConnectionFactory - No custom http config found for URL: https://github.com/alimhtsai/spring-cloud-config-server-repository.git/info/refs?service=git-upload-pack
2024-05-14 14:02:53 [http-nio-8888-exec-7] WARN  o.s.c.c.s.e.MultipleJGitEnvironmentRepository - Could not fetch remote for main remote: https://github.com/alimhtsai/spring-cloud-config-server-repository.git
2024-05-14 14:02:53 [http-nio-8888-exec-7] INFO  o.s.c.c.s.e.NativeEnvironmentRepository - Adding property source: Config resource 'file [/Users/alimhtsai/Documents/ucimswe/6_side_project/Event_driven_microservices/config-server-repository/config-client-twitter_to_kafka.yml]' via location 'file:/Users/alimhtsai/Documents/ucimswe/6_side_project/Event_driven_microservices/config-server-repository/'
2024-05-14 14:02:53 [http-nio-8888-exec-7] INFO  o.s.c.c.s.e.NativeEnvironmentRepository - Adding property source: Config resource 'file [/Users/alimhtsai/Documents/ucimswe/6_side_project/Event_driven_microservices/config-server-repository/config-client.yml]' via location 'file:/Users/alimhtsai/Documents/ucimswe/6_side_project/Event_driven_microservices/config-server-repository/'
2024-05-14 14:03:08 [http-nio-8888-exec-8] WARN  o.s.c.c.s.e.HttpClientConfigurableHttpConnectionFactory - No custom http config found for URL: https://github.com/alimhtsai/spring-cloud-config-server-repository.git/info/refs?service=git-upload-pack
2024-05-14 14:03:08 [http-nio-8888-exec-8] WARN  o.s.c.c.s.e.MultipleJGitEnvironmentRepository - Could not fetch remote for main remote: https://github.com/alimhtsai/spring-cloud-config-server-repository.git
2024-05-14 14:03:08 [http-nio-8888-exec-8] INFO  o.s.c.c.s.e.NativeEnvironmentRepository - Adding property source: Config resource 'file [/Users/alimhtsai/Documents/ucimswe/6_side_project/Event_driven_microservices/config-server-repository/config-client-twitter_to_kafka.yml]' via location 'file:/Users/alimhtsai/Documents/ucimswe/6_side_project/Event_driven_microservices/config-server-repository/'
2024-05-14 14:03:08 [http-nio-8888-exec-8] INFO  o.s.c.c.s.e.NativeEnvironmentRepository - Adding property source: Config resource 'file [/Users/alimhtsai/Documents/ucimswe/6_side_project/Event_driven_microservices/config-server-repository/config-client.yml]' via location 'file:/Users/alimhtsai/Documents/ucimswe/6_side_project/Event_driven_microservices/config-server-repository/'
