2024-05-21 19:42:50 [background-preinit] INFO  o.h.validator.internal.util.Version - HV000001: Hibernate Validator 6.2.0.Final
2024-05-21 19:42:51 [main] INFO  c.m.demo.config.server.ConfigServer - Starting ConfigServer v0.0.1-SNAPSHOT using Java 11.0.19 on 27f022501f19 with PID 1 (/workspace/BOOT-INF/classes started by cnb in /workspace)
2024-05-21 19:42:51 [main] INFO  c.m.demo.config.server.ConfigServer - No active profile set, falling back to default profiles: default
2024-05-21 19:43:02 [main] INFO  o.s.cloud.context.scope.GenericScope - BeanFactory id=1c7df4a5-d083-3c27-82fd-64180fd3386d
2024-05-21 19:43:06 [main] INFO  o.s.b.w.e.tomcat.TomcatWebServer - Tomcat initialized with port(s): 8888 (http)
2024-05-21 19:43:06 [main] INFO  o.a.coyote.http11.Http11NioProtocol - Initializing ProtocolHandler ["http-nio-8888"]
2024-05-21 19:43:06 [main] INFO  o.a.catalina.core.StandardService - Starting service [Tomcat]
2024-05-21 19:43:06 [main] INFO  o.a.catalina.core.StandardEngine - Starting Servlet engine: [Apache Tomcat/9.0.56]
2024-05-21 19:43:07 [main] INFO  o.a.c.c.C.[Tomcat].[localhost].[/] - Initializing Spring embedded WebApplicationContext
2024-05-21 19:43:07 [main] INFO  o.s.b.w.s.c.ServletWebServerApplicationContext - Root WebApplicationContext: initialization completed in 14842 ms
2024-05-21 19:43:13 [main] INFO  o.s.s.web.DefaultSecurityFilterChain - Will secure Ant [pattern='/actuator/**'] with []
2024-05-21 19:43:13 [main] INFO  o.s.s.web.DefaultSecurityFilterChain - Will secure Ant [pattern='/encrypt/**'] with []
2024-05-21 19:43:13 [main] INFO  o.s.s.web.DefaultSecurityFilterChain - Will secure Ant [pattern='/decrypt/**'] with []
2024-05-21 19:43:13 [main] INFO  o.s.s.web.DefaultSecurityFilterChain - Will secure any request with [org.springframework.security.web.context.request.async.WebAsyncManagerIntegrationFilter@640d604, org.springframework.security.web.context.SecurityContextPersistenceFilter@5b1c32e4, org.springframework.security.web.header.HeaderWriterFilter@418f890f, org.springframework.security.web.csrf.CsrfFilter@8e99809, org.springframework.security.web.authentication.logout.LogoutFilter@1ee5632d, org.springframework.security.web.authentication.UsernamePasswordAuthenticationFilter@2ca3d826, org.springframework.security.web.authentication.ui.DefaultLoginPageGeneratingFilter@6c9b44bf, org.springframework.security.web.authentication.ui.DefaultLogoutPageGeneratingFilter@62cbc478, org.springframework.security.web.authentication.www.BasicAuthenticationFilter@119290b9, org.springframework.security.web.savedrequest.RequestCacheAwareFilter@48bc2fce, org.springframework.security.web.servletapi.SecurityContextHolderAwareRequestFilter@153d6d74, org.springframework.security.web.authentication.AnonymousAuthenticationFilter@5438fa43, org.springframework.security.web.session.SessionManagementFilter@7d66e544, org.springframework.security.web.access.ExceptionTranslationFilter@2c9d90fc, org.springframework.security.web.access.intercept.FilterSecurityInterceptor@7c8874ef]
2024-05-21 19:43:28 [main] INFO  o.a.coyote.http11.Http11NioProtocol - Starting ProtocolHandler ["http-nio-8888"]
2024-05-21 19:43:29 [main] INFO  o.s.b.w.e.tomcat.TomcatWebServer - Tomcat started on port(s): 8888 (http) with context path ''
2024-05-21 19:43:29 [main] INFO  c.m.demo.config.server.ConfigServer - Started ConfigServer in 64.504 seconds (JVM running for 85.357)
2024-05-21 19:43:30 [http-nio-8888-exec-1] INFO  o.a.c.c.C.[Tomcat].[localhost].[/] - Initializing Spring DispatcherServlet 'dispatcherServlet'
2024-05-21 19:43:30 [http-nio-8888-exec-1] INFO  o.s.web.servlet.DispatcherServlet - Initializing Servlet 'dispatcherServlet'
2024-05-21 19:43:30 [http-nio-8888-exec-1] INFO  o.s.web.servlet.DispatcherServlet - Completed initialization in 6 ms
2024-05-21 19:43:49 [http-nio-8888-exec-3] INFO  o.s.c.c.s.e.NativeEnvironmentRepository - Adding property source: Config resource 'file [/tmp/config-repo-16033428712479532154/config-client-twitter_to_kafka.yml]' via location 'file:/tmp/config-repo-16033428712479532154/'
2024-05-21 19:43:49 [http-nio-8888-exec-3] INFO  o.s.c.c.s.e.NativeEnvironmentRepository - Adding property source: Config resource 'file [/tmp/config-repo-16033428712479532154/config-client.yml]' via location 'file:/tmp/config-repo-16033428712479532154/'
2024-05-21 19:51:07 [background-preinit] INFO  o.h.validator.internal.util.Version - HV000001: Hibernate Validator 6.2.0.Final
2024-05-21 19:51:08 [main] INFO  c.m.demo.config.server.ConfigServer - Starting ConfigServer v0.0.1-SNAPSHOT using Java 11.0.19 on d895f9a19027 with PID 1 (/workspace/BOOT-INF/classes started by cnb in /workspace)
2024-05-21 19:51:08 [main] INFO  c.m.demo.config.server.ConfigServer - No active profile set, falling back to default profiles: default
2024-05-21 19:51:20 [main] INFO  o.s.cloud.context.scope.GenericScope - BeanFactory id=1c7df4a5-d083-3c27-82fd-64180fd3386d
2024-05-21 19:51:27 [main] INFO  o.s.b.w.e.tomcat.TomcatWebServer - Tomcat initialized with port(s): 8888 (http)
2024-05-21 19:51:27 [main] INFO  o.a.coyote.http11.Http11NioProtocol - Initializing ProtocolHandler ["http-nio-8888"]
2024-05-21 19:51:27 [main] INFO  o.a.catalina.core.StandardService - Starting service [Tomcat]
2024-05-21 19:51:27 [main] INFO  o.a.catalina.core.StandardEngine - Starting Servlet engine: [Apache Tomcat/9.0.56]
2024-05-21 19:51:28 [main] INFO  o.a.c.c.C.[Tomcat].[localhost].[/] - Initializing Spring embedded WebApplicationContext
2024-05-21 19:51:28 [main] INFO  o.s.b.w.s.c.ServletWebServerApplicationContext - Root WebApplicationContext: initialization completed in 17680 ms
2024-05-21 19:51:36 [main] INFO  o.s.s.web.DefaultSecurityFilterChain - Will secure Ant [pattern='/actuator/**'] with []
2024-05-21 19:51:36 [main] INFO  o.s.s.web.DefaultSecurityFilterChain - Will secure Ant [pattern='/encrypt/**'] with []
2024-05-21 19:51:36 [main] INFO  o.s.s.web.DefaultSecurityFilterChain - Will secure Ant [pattern='/decrypt/**'] with []
2024-05-21 19:51:37 [main] INFO  o.s.s.web.DefaultSecurityFilterChain - Will secure any request with [org.springframework.security.web.context.request.async.WebAsyncManagerIntegrationFilter@22f02996, org.springframework.security.web.context.SecurityContextPersistenceFilter@183fc2fa, org.springframework.security.web.header.HeaderWriterFilter@4d354a3e, org.springframework.security.web.csrf.CsrfFilter@39266403, org.springframework.security.web.authentication.logout.LogoutFilter@299b9851, org.springframework.security.web.authentication.UsernamePasswordAuthenticationFilter@752b69e3, org.springframework.security.web.authentication.ui.DefaultLoginPageGeneratingFilter@447fa959, org.springframework.security.web.authentication.ui.DefaultLogoutPageGeneratingFilter@7c8874ef, org.springframework.security.web.authentication.www.BasicAuthenticationFilter@65da01f4, org.springframework.security.web.savedrequest.RequestCacheAwareFilter@3313d477, org.springframework.security.web.servletapi.SecurityContextHolderAwareRequestFilter@1e76afeb, org.springframework.security.web.authentication.AnonymousAuthenticationFilter@42c0a16e, org.springframework.security.web.session.SessionManagementFilter@604d28c6, org.springframework.security.web.access.ExceptionTranslationFilter@8e99809, org.springframework.security.web.access.intercept.FilterSecurityInterceptor@526f6427]
2024-05-21 19:51:56 [main] INFO  o.a.coyote.http11.Http11NioProtocol - Starting ProtocolHandler ["http-nio-8888"]
2024-05-21 19:51:56 [main] INFO  o.s.b.w.e.tomcat.TomcatWebServer - Tomcat started on port(s): 8888 (http) with context path ''
2024-05-21 19:51:56 [main] INFO  c.m.demo.config.server.ConfigServer - Started ConfigServer in 70.406 seconds (JVM running for 86.83)
2024-05-21 19:51:58 [http-nio-8888-exec-1] INFO  o.a.c.c.C.[Tomcat].[localhost].[/] - Initializing Spring DispatcherServlet 'dispatcherServlet'
2024-05-21 19:51:58 [http-nio-8888-exec-1] INFO  o.s.web.servlet.DispatcherServlet - Initializing Servlet 'dispatcherServlet'
2024-05-21 19:51:58 [http-nio-8888-exec-1] INFO  o.s.web.servlet.DispatcherServlet - Completed initialization in 15 ms
2024-05-21 19:52:17 [http-nio-8888-exec-3] INFO  o.s.c.c.s.e.NativeEnvironmentRepository - Adding property source: Config resource 'file [/tmp/config-repo-4231299477471837364/config-client-twitter_to_kafka.yml]' via location 'file:/tmp/config-repo-4231299477471837364/'
2024-05-21 19:52:17 [http-nio-8888-exec-3] INFO  o.s.c.c.s.e.NativeEnvironmentRepository - Adding property source: Config resource 'file [/tmp/config-repo-4231299477471837364/config-client.yml]' via location 'file:/tmp/config-repo-4231299477471837364/'
2024-05-21 19:52:56 [http-nio-8888-exec-6] INFO  o.s.c.c.s.e.NativeEnvironmentRepository - Adding property source: Config resource 'file [/tmp/config-repo-4231299477471837364/config-client-kafka_to_elastic.yml]' via location 'file:/tmp/config-repo-4231299477471837364/'
2024-05-21 19:52:56 [http-nio-8888-exec-6] INFO  o.s.c.c.s.e.NativeEnvironmentRepository - Adding property source: Config resource 'file [/tmp/config-repo-4231299477471837364/config-client.yml]' via location 'file:/tmp/config-repo-4231299477471837364/'
2024-05-21 19:55:24 [http-nio-8888-exec-9] INFO  o.s.c.c.s.e.NativeEnvironmentRepository - Adding property source: Config resource 'file [/tmp/config-repo-4231299477471837364/config-client-twitter_to_kafka.yml]' via location 'file:/tmp/config-repo-4231299477471837364/'
2024-05-21 19:55:24 [http-nio-8888-exec-9] INFO  o.s.c.c.s.e.NativeEnvironmentRepository - Adding property source: Config resource 'file [/tmp/config-repo-4231299477471837364/config-client.yml]' via location 'file:/tmp/config-repo-4231299477471837364/'
2024-05-21 19:55:41 [http-nio-8888-exec-10] INFO  o.s.c.c.s.e.NativeEnvironmentRepository - Adding property source: Config resource 'file [/tmp/config-repo-4231299477471837364/config-client-twitter_to_kafka.yml]' via location 'file:/tmp/config-repo-4231299477471837364/'
2024-05-21 19:55:41 [http-nio-8888-exec-10] INFO  o.s.c.c.s.e.NativeEnvironmentRepository - Adding property source: Config resource 'file [/tmp/config-repo-4231299477471837364/config-client.yml]' via location 'file:/tmp/config-repo-4231299477471837364/'
2024-05-21 20:13:44 [background-preinit] INFO  o.h.validator.internal.util.Version - HV000001: Hibernate Validator 6.2.0.Final
2024-05-21 20:13:45 [main] INFO  c.m.demo.config.server.ConfigServer - Starting ConfigServer v0.0.1-SNAPSHOT using Java 11.0.19 on c7132e9d1555 with PID 1 (/workspace/BOOT-INF/classes started by cnb in /workspace)
2024-05-21 20:13:45 [main] INFO  c.m.demo.config.server.ConfigServer - No active profile set, falling back to default profiles: default
2024-05-21 20:14:03 [main] INFO  o.s.cloud.context.scope.GenericScope - BeanFactory id=1c7df4a5-d083-3c27-82fd-64180fd3386d
2024-05-21 20:14:11 [main] INFO  o.s.b.w.e.tomcat.TomcatWebServer - Tomcat initialized with port(s): 8888 (http)
2024-05-21 20:14:11 [main] INFO  o.a.coyote.http11.Http11NioProtocol - Initializing ProtocolHandler ["http-nio-8888"]
2024-05-21 20:14:11 [main] INFO  o.a.catalina.core.StandardService - Starting service [Tomcat]
2024-05-21 20:14:11 [main] INFO  o.a.catalina.core.StandardEngine - Starting Servlet engine: [Apache Tomcat/9.0.56]
2024-05-21 20:14:12 [main] INFO  o.a.c.c.C.[Tomcat].[localhost].[/] - Initializing Spring embedded WebApplicationContext
2024-05-21 20:14:12 [main] INFO  o.s.b.w.s.c.ServletWebServerApplicationContext - Root WebApplicationContext: initialization completed in 24245 ms
2024-05-21 20:14:26 [main] INFO  o.s.s.web.DefaultSecurityFilterChain - Will secure Ant [pattern='/actuator/**'] with []
2024-05-21 20:14:26 [main] INFO  o.s.s.web.DefaultSecurityFilterChain - Will secure Ant [pattern='/encrypt/**'] with []
2024-05-21 20:14:26 [main] INFO  o.s.s.web.DefaultSecurityFilterChain - Will secure Ant [pattern='/decrypt/**'] with []
2024-05-21 20:14:27 [main] INFO  o.s.s.web.DefaultSecurityFilterChain - Will secure any request with [org.springframework.security.web.context.request.async.WebAsyncManagerIntegrationFilter@6d0e45a5, org.springframework.security.web.context.SecurityContextPersistenceFilter@73a6cc79, org.springframework.security.web.header.HeaderWriterFilter@2bab618, org.springframework.security.web.csrf.CsrfFilter@7f3c0399, org.springframework.security.web.authentication.logout.LogoutFilter@29d25e65, org.springframework.security.web.authentication.UsernamePasswordAuthenticationFilter@463afa6e, org.springframework.security.web.authentication.ui.DefaultLoginPageGeneratingFilter@2416c658, org.springframework.security.web.authentication.ui.DefaultLogoutPageGeneratingFilter@7e7740a5, org.springframework.security.web.authentication.www.BasicAuthenticationFilter@515ab3f2, org.springframework.security.web.savedrequest.RequestCacheAwareFilter@153d6d74, org.springframework.security.web.servletapi.SecurityContextHolderAwareRequestFilter@51ba952e, org.springframework.security.web.authentication.AnonymousAuthenticationFilter@7aa01bd9, org.springframework.security.web.session.SessionManagementFilter@1eca3ea7, org.springframework.security.web.access.ExceptionTranslationFilter@666618d6, org.springframework.security.web.access.intercept.FilterSecurityInterceptor@2ca3d826]
2024-05-21 20:14:46 [main] INFO  o.a.coyote.http11.Http11NioProtocol - Starting ProtocolHandler ["http-nio-8888"]
2024-05-21 20:14:46 [main] INFO  o.s.b.w.e.tomcat.TomcatWebServer - Tomcat started on port(s): 8888 (http) with context path ''
2024-05-21 20:14:46 [main] INFO  c.m.demo.config.server.ConfigServer - Started ConfigServer in 85.059 seconds (JVM running for 101.18)
2024-05-21 20:14:47 [http-nio-8888-exec-1] INFO  o.a.c.c.C.[Tomcat].[localhost].[/] - Initializing Spring DispatcherServlet 'dispatcherServlet'
2024-05-21 20:14:47 [http-nio-8888-exec-1] INFO  o.s.web.servlet.DispatcherServlet - Initializing Servlet 'dispatcherServlet'
2024-05-21 20:14:47 [http-nio-8888-exec-1] INFO  o.s.web.servlet.DispatcherServlet - Completed initialization in 7 ms
2024-05-21 20:15:08 [http-nio-8888-exec-3] INFO  o.s.c.c.s.e.NativeEnvironmentRepository - Adding property source: Config resource 'file [/tmp/config-repo-2438985181125160062/config-client-twitter_to_kafka.yml]' via location 'file:/tmp/config-repo-2438985181125160062/'
2024-05-21 20:15:08 [http-nio-8888-exec-3] INFO  o.s.c.c.s.e.NativeEnvironmentRepository - Adding property source: Config resource 'file [/tmp/config-repo-2438985181125160062/config-client.yml]' via location 'file:/tmp/config-repo-2438985181125160062/'
2024-05-21 20:25:24 [background-preinit] INFO  o.h.validator.internal.util.Version - HV000001: Hibernate Validator 6.2.0.Final
2024-05-21 20:25:26 [main] INFO  c.m.demo.config.server.ConfigServer - Starting ConfigServer v0.0.1-SNAPSHOT using Java 11.0.19 on c9c7e181a05e with PID 1 (/workspace/BOOT-INF/classes started by cnb in /workspace)
2024-05-21 20:25:26 [main] INFO  c.m.demo.config.server.ConfigServer - No active profile set, falling back to default profiles: default
2024-05-21 20:25:43 [main] INFO  o.s.cloud.context.scope.GenericScope - BeanFactory id=1c7df4a5-d083-3c27-82fd-64180fd3386d
2024-05-21 20:25:50 [main] INFO  o.s.b.w.e.tomcat.TomcatWebServer - Tomcat initialized with port(s): 8888 (http)
2024-05-21 20:25:50 [main] INFO  o.a.coyote.http11.Http11NioProtocol - Initializing ProtocolHandler ["http-nio-8888"]
2024-05-21 20:25:50 [main] INFO  o.a.catalina.core.StandardService - Starting service [Tomcat]
2024-05-21 20:25:50 [main] INFO  o.a.catalina.core.StandardEngine - Starting Servlet engine: [Apache Tomcat/9.0.56]
2024-05-21 20:25:51 [main] INFO  o.a.c.c.C.[Tomcat].[localhost].[/] - Initializing Spring embedded WebApplicationContext
2024-05-21 20:25:51 [main] INFO  o.s.b.w.s.c.ServletWebServerApplicationContext - Root WebApplicationContext: initialization completed in 24355 ms
2024-05-21 20:26:03 [main] INFO  o.s.s.web.DefaultSecurityFilterChain - Will secure Ant [pattern='/actuator/**'] with []
2024-05-21 20:26:03 [main] INFO  o.s.s.web.DefaultSecurityFilterChain - Will secure Ant [pattern='/encrypt/**'] with []
2024-05-21 20:26:03 [main] INFO  o.s.s.web.DefaultSecurityFilterChain - Will secure Ant [pattern='/decrypt/**'] with []
2024-05-21 20:26:03 [main] INFO  o.s.s.web.DefaultSecurityFilterChain - Will secure any request with [org.springframework.security.web.context.request.async.WebAsyncManagerIntegrationFilter@1fb2eec, org.springframework.security.web.context.SecurityContextPersistenceFilter@a0c5be, org.springframework.security.web.header.HeaderWriterFilter@6806468e, org.springframework.security.web.csrf.CsrfFilter@66f5b8fe, org.springframework.security.web.authentication.logout.LogoutFilter@5b1c32e4, org.springframework.security.web.authentication.UsernamePasswordAuthenticationFilter@33ec2c0c, org.springframework.security.web.authentication.ui.DefaultLoginPageGeneratingFilter@7f3c0399, org.springframework.security.web.authentication.ui.DefaultLogoutPageGeneratingFilter@4c18516, org.springframework.security.web.authentication.www.BasicAuthenticationFilter@15605d83, org.springframework.security.web.savedrequest.RequestCacheAwareFilter@14efa279, org.springframework.security.web.servletapi.SecurityContextHolderAwareRequestFilter@604d28c6, org.springframework.security.web.authentication.AnonymousAuthenticationFilter@2a0b901c, org.springframework.security.web.session.SessionManagementFilter@68631b1d, org.springframework.security.web.access.ExceptionTranslationFilter@7c950b3b, org.springframework.security.web.access.intercept.FilterSecurityInterceptor@4ef18604]
2024-05-21 20:26:23 [main] INFO  o.a.coyote.http11.Http11NioProtocol - Starting ProtocolHandler ["http-nio-8888"]
2024-05-21 20:26:23 [main] INFO  o.s.b.w.e.tomcat.TomcatWebServer - Tomcat started on port(s): 8888 (http) with context path ''
2024-05-21 20:26:23 [main] INFO  c.m.demo.config.server.ConfigServer - Started ConfigServer in 81.143 seconds (JVM running for 97.517)
2024-05-21 20:26:24 [http-nio-8888-exec-1] INFO  o.a.c.c.C.[Tomcat].[localhost].[/] - Initializing Spring DispatcherServlet 'dispatcherServlet'
2024-05-21 20:26:24 [http-nio-8888-exec-1] INFO  o.s.web.servlet.DispatcherServlet - Initializing Servlet 'dispatcherServlet'
2024-05-21 20:26:24 [http-nio-8888-exec-1] INFO  o.s.web.servlet.DispatcherServlet - Completed initialization in 15 ms
2024-05-21 20:26:52 [http-nio-8888-exec-2] INFO  o.s.c.c.s.e.NativeEnvironmentRepository - Adding property source: Config resource 'file [/tmp/config-repo-8308528797278488455/config-client-twitter_to_kafka.yml]' via location 'file:/tmp/config-repo-8308528797278488455/'
2024-05-21 20:26:52 [http-nio-8888-exec-2] INFO  o.s.c.c.s.e.NativeEnvironmentRepository - Adding property source: Config resource 'file [/tmp/config-repo-8308528797278488455/config-client.yml]' via location 'file:/tmp/config-repo-8308528797278488455/'
2024-05-21 20:28:52 [http-nio-8888-exec-8] INFO  o.s.c.c.s.e.NativeEnvironmentRepository - Adding property source: Config resource 'file [/tmp/config-repo-8308528797278488455/config-client-kafka_to_elastic.yml]' via location 'file:/tmp/config-repo-8308528797278488455/'
2024-05-21 20:28:52 [http-nio-8888-exec-8] INFO  o.s.c.c.s.e.NativeEnvironmentRepository - Adding property source: Config resource 'file [/tmp/config-repo-8308528797278488455/config-client.yml]' via location 'file:/tmp/config-repo-8308528797278488455/'
2024-05-21 20:34:30 [http-nio-8888-exec-2] INFO  o.s.c.c.s.e.NativeEnvironmentRepository - Adding property source: Config resource 'file [/tmp/config-repo-8308528797278488455/config-client-kafka_to_elastic.yml]' via location 'file:/tmp/config-repo-8308528797278488455/'
2024-05-21 20:34:30 [http-nio-8888-exec-2] INFO  o.s.c.c.s.e.NativeEnvironmentRepository - Adding property source: Config resource 'file [/tmp/config-repo-8308528797278488455/config-client.yml]' via location 'file:/tmp/config-repo-8308528797278488455/'
2024-05-21 20:34:38 [http-nio-8888-exec-3] INFO  o.s.c.c.s.e.NativeEnvironmentRepository - Adding property source: Config resource 'file [/tmp/config-repo-8308528797278488455/config-client-kafka_to_elastic.yml]' via location 'file:/tmp/config-repo-8308528797278488455/'
2024-05-21 20:34:38 [http-nio-8888-exec-3] INFO  o.s.c.c.s.e.NativeEnvironmentRepository - Adding property source: Config resource 'file [/tmp/config-repo-8308528797278488455/config-client.yml]' via location 'file:/tmp/config-repo-8308528797278488455/'
2024-05-21 20:39:36 [http-nio-8888-exec-5] INFO  o.s.c.c.s.e.NativeEnvironmentRepository - Adding property source: Config resource 'file [/tmp/config-repo-8308528797278488455/config-client-kafka_to_elastic.yml]' via location 'file:/tmp/config-repo-8308528797278488455/'
2024-05-21 20:39:36 [http-nio-8888-exec-5] INFO  o.s.c.c.s.e.NativeEnvironmentRepository - Adding property source: Config resource 'file [/tmp/config-repo-8308528797278488455/config-client.yml]' via location 'file:/tmp/config-repo-8308528797278488455/'
2024-05-21 20:42:01 [http-nio-8888-exec-7] INFO  o.s.c.c.s.e.NativeEnvironmentRepository - Adding property source: Config resource 'file [/tmp/config-repo-8308528797278488455/config-client-kafka_to_elastic.yml]' via location 'file:/tmp/config-repo-8308528797278488455/'
2024-05-21 20:42:01 [http-nio-8888-exec-7] INFO  o.s.c.c.s.e.NativeEnvironmentRepository - Adding property source: Config resource 'file [/tmp/config-repo-8308528797278488455/config-client.yml]' via location 'file:/tmp/config-repo-8308528797278488455/'
2024-05-21 20:47:24 [http-nio-8888-exec-4] INFO  o.s.c.c.s.e.NativeEnvironmentRepository - Adding property source: Config resource 'file [/tmp/config-repo-8308528797278488455/config-client-kafka_to_elastic.yml]' via location 'file:/tmp/config-repo-8308528797278488455/'
2024-05-21 20:47:24 [http-nio-8888-exec-4] INFO  o.s.c.c.s.e.NativeEnvironmentRepository - Adding property source: Config resource 'file [/tmp/config-repo-8308528797278488455/config-client.yml]' via location 'file:/tmp/config-repo-8308528797278488455/'
2024-05-21 20:53:21 [http-nio-8888-exec-8] INFO  o.s.c.c.s.e.NativeEnvironmentRepository - Adding property source: Config resource 'file [/tmp/config-repo-8308528797278488455/config-client-kafka_to_elastic.yml]' via location 'file:/tmp/config-repo-8308528797278488455/'
2024-05-21 20:53:21 [http-nio-8888-exec-8] INFO  o.s.c.c.s.e.NativeEnvironmentRepository - Adding property source: Config resource 'file [/tmp/config-repo-8308528797278488455/config-client.yml]' via location 'file:/tmp/config-repo-8308528797278488455/'
2024-05-21 20:58:08 [http-nio-8888-exec-10] INFO  o.s.c.c.s.e.NativeEnvironmentRepository - Adding property source: Config resource 'file [/tmp/config-repo-8308528797278488455/config-client-kafka_to_elastic.yml]' via location 'file:/tmp/config-repo-8308528797278488455/'
2024-05-21 20:58:08 [http-nio-8888-exec-10] INFO  o.s.c.c.s.e.NativeEnvironmentRepository - Adding property source: Config resource 'file [/tmp/config-repo-8308528797278488455/config-client.yml]' via location 'file:/tmp/config-repo-8308528797278488455/'
2024-05-21 21:01:05 [http-nio-8888-exec-4] INFO  o.s.c.c.s.e.NativeEnvironmentRepository - Adding property source: Config resource 'file [/tmp/config-repo-8308528797278488455/config-client-kafka_to_elastic.yml]' via location 'file:/tmp/config-repo-8308528797278488455/'
2024-05-21 21:01:05 [http-nio-8888-exec-4] INFO  o.s.c.c.s.e.NativeEnvironmentRepository - Adding property source: Config resource 'file [/tmp/config-repo-8308528797278488455/config-client.yml]' via location 'file:/tmp/config-repo-8308528797278488455/'
2024-05-21 21:01:45 [http-nio-8888-exec-5] INFO  o.s.c.c.s.e.NativeEnvironmentRepository - Adding property source: Config resource 'file [/tmp/config-repo-8308528797278488455/config-client-kafka_to_elastic.yml]' via location 'file:/tmp/config-repo-8308528797278488455/'
2024-05-21 21:01:45 [http-nio-8888-exec-5] INFO  o.s.c.c.s.e.NativeEnvironmentRepository - Adding property source: Config resource 'file [/tmp/config-repo-8308528797278488455/config-client.yml]' via location 'file:/tmp/config-repo-8308528797278488455/'
2024-05-21 21:02:07 [http-nio-8888-exec-9] INFO  o.s.c.c.s.e.NativeEnvironmentRepository - Adding property source: Config resource 'file [/tmp/config-repo-8308528797278488455/config-client-kafka_to_elastic.yml]' via location 'file:/tmp/config-repo-8308528797278488455/'
2024-05-21 21:02:07 [http-nio-8888-exec-9] INFO  o.s.c.c.s.e.NativeEnvironmentRepository - Adding property source: Config resource 'file [/tmp/config-repo-8308528797278488455/config-client.yml]' via location 'file:/tmp/config-repo-8308528797278488455/'
2024-05-21 21:04:37 [http-nio-8888-exec-4] INFO  o.s.c.c.s.e.NativeEnvironmentRepository - Adding property source: Config resource 'file [/tmp/config-repo-8308528797278488455/config-client-kafka_to_elastic.yml]' via location 'file:/tmp/config-repo-8308528797278488455/'
2024-05-21 21:04:37 [http-nio-8888-exec-4] INFO  o.s.c.c.s.e.NativeEnvironmentRepository - Adding property source: Config resource 'file [/tmp/config-repo-8308528797278488455/config-client.yml]' via location 'file:/tmp/config-repo-8308528797278488455/'
2024-05-21 21:17:45 [background-preinit] INFO  o.h.validator.internal.util.Version - HV000001: Hibernate Validator 6.2.0.Final
2024-05-21 21:17:46 [main] INFO  c.m.demo.config.server.ConfigServer - Starting ConfigServer v0.0.1-SNAPSHOT using Java 11.0.19 on 3e47624fc0d9 with PID 1 (/workspace/BOOT-INF/classes started by cnb in /workspace)
2024-05-21 21:17:46 [main] INFO  c.m.demo.config.server.ConfigServer - No active profile set, falling back to default profiles: default
2024-05-21 21:18:04 [main] INFO  o.s.cloud.context.scope.GenericScope - BeanFactory id=1c7df4a5-d083-3c27-82fd-64180fd3386d
2024-05-21 21:18:10 [main] INFO  o.s.b.w.e.tomcat.TomcatWebServer - Tomcat initialized with port(s): 8888 (http)
2024-05-21 21:18:10 [main] INFO  o.a.coyote.http11.Http11NioProtocol - Initializing ProtocolHandler ["http-nio-8888"]
2024-05-21 21:18:10 [main] INFO  o.a.catalina.core.StandardService - Starting service [Tomcat]
2024-05-21 21:18:10 [main] INFO  o.a.catalina.core.StandardEngine - Starting Servlet engine: [Apache Tomcat/9.0.56]
2024-05-21 21:18:11 [main] INFO  o.a.c.c.C.[Tomcat].[localhost].[/] - Initializing Spring embedded WebApplicationContext
2024-05-21 21:18:11 [main] INFO  o.s.b.w.s.c.ServletWebServerApplicationContext - Root WebApplicationContext: initialization completed in 23158 ms
2024-05-21 21:18:23 [main] INFO  o.s.s.web.DefaultSecurityFilterChain - Will secure Ant [pattern='/actuator/**'] with []
2024-05-21 21:18:23 [main] INFO  o.s.s.web.DefaultSecurityFilterChain - Will secure Ant [pattern='/encrypt/**'] with []
2024-05-21 21:18:23 [main] INFO  o.s.s.web.DefaultSecurityFilterChain - Will secure Ant [pattern='/decrypt/**'] with []
2024-05-21 21:18:24 [main] INFO  o.s.s.web.DefaultSecurityFilterChain - Will secure any request with [org.springframework.security.web.context.request.async.WebAsyncManagerIntegrationFilter@543fe698, org.springframework.security.web.context.SecurityContextPersistenceFilter@4a62062a, org.springframework.security.web.header.HeaderWriterFilter@183fc2fa, org.springframework.security.web.csrf.CsrfFilter@4168f3d9, org.springframework.security.web.authentication.logout.LogoutFilter@2416c658, org.springframework.security.web.authentication.UsernamePasswordAuthenticationFilter@2a0b901c, org.springframework.security.web.authentication.ui.DefaultLoginPageGeneratingFilter@1511d157, org.springframework.security.web.authentication.ui.DefaultLogoutPageGeneratingFilter@6b2fdffc, org.springframework.security.web.authentication.www.BasicAuthenticationFilter@77a0dd63, org.springframework.security.web.savedrequest.RequestCacheAwareFilter@53dd42d6, org.springframework.security.web.servletapi.SecurityContextHolderAwareRequestFilter@2c9d90fc, org.springframework.security.web.authentication.AnonymousAuthenticationFilter@2ca3d826, org.springframework.security.web.session.SessionManagementFilter@3313d477, org.springframework.security.web.access.ExceptionTranslationFilter@604d28c6, org.springframework.security.web.access.intercept.FilterSecurityInterceptor@6ddd1c51]
2024-05-21 21:18:45 [main] INFO  o.a.coyote.http11.Http11NioProtocol - Starting ProtocolHandler ["http-nio-8888"]
2024-05-21 21:18:45 [main] INFO  o.s.b.w.e.tomcat.TomcatWebServer - Tomcat started on port(s): 8888 (http) with context path ''
2024-05-21 21:18:46 [main] INFO  c.m.demo.config.server.ConfigServer - Started ConfigServer in 85.12 seconds (JVM running for 101.346)
2024-05-21 21:18:47 [http-nio-8888-exec-1] INFO  o.a.c.c.C.[Tomcat].[localhost].[/] - Initializing Spring DispatcherServlet 'dispatcherServlet'
2024-05-21 21:18:47 [http-nio-8888-exec-1] INFO  o.s.web.servlet.DispatcherServlet - Initializing Servlet 'dispatcherServlet'
2024-05-21 21:18:47 [http-nio-8888-exec-1] INFO  o.s.web.servlet.DispatcherServlet - Completed initialization in 29 ms
2024-05-21 21:19:18 [http-nio-8888-exec-3] INFO  o.s.c.c.s.e.NativeEnvironmentRepository - Adding property source: Config resource 'file [/tmp/config-repo-17536327708785805839/config-client-twitter_to_kafka.yml]' via location 'file:/tmp/config-repo-17536327708785805839/'
2024-05-21 21:19:18 [http-nio-8888-exec-3] INFO  o.s.c.c.s.e.NativeEnvironmentRepository - Adding property source: Config resource 'file [/tmp/config-repo-17536327708785805839/config-client.yml]' via location 'file:/tmp/config-repo-17536327708785805839/'
2024-05-21 21:20:15 [http-nio-8888-exec-6] INFO  o.s.c.c.s.e.NativeEnvironmentRepository - Adding property source: Config resource 'file [/tmp/config-repo-17536327708785805839/config-client-kafka_to_elastic.yml]' via location 'file:/tmp/config-repo-17536327708785805839/'
2024-05-21 21:20:15 [http-nio-8888-exec-6] INFO  o.s.c.c.s.e.NativeEnvironmentRepository - Adding property source: Config resource 'file [/tmp/config-repo-17536327708785805839/config-client.yml]' via location 'file:/tmp/config-repo-17536327708785805839/'
